Usage:
  supabase storage ls [path] [flags]

Examples:
ls ss:///bucket/docs

Flags:
  -h, --help        help for ls
  -r, --recursive   Recursively list a directory.

Global Flags:
      --agent [ auto | yes | no ]                      Override agent detection: yes, no, or auto (default auto) (default auto)
      --create-ticket                                  create a support ticket for any CLI error
      --debug                                          output debug logs to stderr
      --dns-resolver [ native | https ]                lookup domain names using the specified resolver (default native)
      --experimental                                   enable experimental features
      --linked                                         Connects to Storage API of the linked project. (default true)
      --local                                          Connects to Storage API of the local database.
      --network-id string                              use the specified docker network instead of a generated one
  -o, --output [ env | pretty | json | toml | yaml ]   output format of status variables (default pretty)
      --profile string                                 use a specific profile for connecting to Supabase API (default "supabase")
      --workdir string                                 path to a Supabase project directory
      --yes                                            answer yes to all prompts

must set the --experimental flag to run this command
Try rerunning the command with --debug to troubleshoot the error.
